<?xml version="1.0" encoding="UTF-8"?>
<testsuite xmlns:xsi="http://www.w3.org/2001/XMLSchema-instance" xsi:noNamespaceSchemaLocation="https://maven.apache.org/surefire/maven-surefire-plugin/xsd/surefire-test-report.xsd" name="com.urvin.paint.receiver.PaintScreenTest" time="0.008" tests="11" errors="0" skipped="0" failures="0">
  <properties>
    <property name="sun.desktop" value="windows"/>
    <property name="awt.toolkit" value="sun.awt.windows.WToolkit"/>
    <property name="java.specification.version" value="11"/>
    <property name="sun.cpu.isalist" value="amd64"/>
    <property name="sun.jnu.encoding" value="Cp1252"/>
    <property name="java.class.path" value="E:\workspace\ConsolePaint\ConsolePaint\target\test-classes;E:\workspace\ConsolePaint\ConsolePaint\target\classes;C:\Users\Urvin Shah\.m2\repository\org\junit\jupiter\junit-jupiter\5.8.0-M1\junit-jupiter-5.8.0-M1.jar;C:\Users\Urvin Shah\.m2\repository\org\junit\jupiter\junit-jupiter-api\5.8.0-M1\junit-jupiter-api-5.8.0-M1.jar;C:\Users\Urvin Shah\.m2\repository\org\apiguardian\apiguardian-api\1.1.1\apiguardian-api-1.1.1.jar;C:\Users\Urvin Shah\.m2\repository\org\opentest4j\opentest4j\1.2.0\opentest4j-1.2.0.jar;C:\Users\Urvin Shah\.m2\repository\org\junit\platform\junit-platform-commons\1.8.0-M1\junit-platform-commons-1.8.0-M1.jar;C:\Users\Urvin Shah\.m2\repository\org\junit\jupiter\junit-jupiter-params\5.8.0-M1\junit-jupiter-params-5.8.0-M1.jar;C:\Users\Urvin Shah\.m2\repository\org\junit\jupiter\junit-jupiter-engine\5.8.0-M1\junit-jupiter-engine-5.8.0-M1.jar;C:\Users\Urvin Shah\.m2\repository\org\junit\platform\junit-platform-engine\1.8.0-M1\junit-platform-engine-1.8.0-M1.jar;C:\Users\Urvin Shah\.m2\repository\org\jetbrains\kotlin\kotlin-stdlib-jdk8\1.4.20\kotlin-stdlib-jdk8-1.4.20.jar;C:\Users\Urvin Shah\.m2\repository\org\jetbrains\kotlin\kotlin-stdlib\1.4.20\kotlin-stdlib-1.4.20.jar;C:\Users\Urvin Shah\.m2\repository\org\jetbrains\kotlin\kotlin-stdlib-common\1.4.20\kotlin-stdlib-common-1.4.20.jar;C:\Users\Urvin Shah\.m2\repository\org\jetbrains\annotations\13.0\annotations-13.0.jar;C:\Users\Urvin Shah\.m2\repository\org\jetbrains\kotlin\kotlin-stdlib-jdk7\1.4.20\kotlin-stdlib-jdk7-1.4.20.jar;C:\Users\Urvin Shah\.m2\repository\com\github\stefanbirkner\system-lambda\1.0.0\system-lambda-1.0.0.jar;C:\Users\Urvin Shah\.m2\repository\org\mockito\mockito-inline\3.7.7\mockito-inline-3.7.7.jar;C:\Users\Urvin Shah\.m2\repository\org\mockito\mockito-core\3.7.7\mockito-core-3.7.7.jar;C:\Users\Urvin Shah\.m2\repository\net\bytebuddy\byte-buddy\1.10.19\byte-buddy-1.10.19.jar;C:\Users\Urvin Shah\.m2\repository\net\bytebuddy\byte-buddy-agent\1.10.19\byte-buddy-agent-1.10.19.jar;C:\Users\Urvin Shah\.m2\repository\org\objenesis\objenesis\3.1\objenesis-3.1.jar;C:\Users\Urvin Shah\.m2\repository\org\mockito\mockito-junit-jupiter\3.7.7\mockito-junit-jupiter-3.7.7.jar;"/>
    <property name="java.vm.vendor" value="Azul Systems, Inc."/>
    <property name="sun.arch.data.model" value="64"/>
    <property name="user.variant" value=""/>
    <property name="java.vendor.url" value="http://www.azulsystems.com/"/>
    <property name="user.timezone" value="Asia/Shanghai"/>
    <property name="java.vm.specification.version" value="11"/>
    <property name="os.name" value="Windows 10"/>
    <property name="sun.java.launcher" value="SUN_STANDARD"/>
    <property name="user.country" value="US"/>
    <property name="sun.boot.library.path" value="C:\Program Files\Zulu\zulu-11\bin"/>
    <property name="sun.java.command" value="C:\Users\URVINS~1\AppData\Local\Temp\surefire6831355023343820097\surefirebooter14717313582391400358.jar C:\Users\Urvin Shah\AppData\Local\Temp\surefire6831355023343820097 2021-04-25T22-27-54_599-jvmRun1 surefire11728919900169213657tmp surefire_01078687034175349211tmp"/>
    <property name="jdk.debug" value="release"/>
    <property name="surefire.test.class.path" value="E:\workspace\ConsolePaint\ConsolePaint\target\test-classes;E:\workspace\ConsolePaint\ConsolePaint\target\classes;C:\Users\Urvin Shah\.m2\repository\org\junit\jupiter\junit-jupiter\5.8.0-M1\junit-jupiter-5.8.0-M1.jar;C:\Users\Urvin Shah\.m2\repository\org\junit\jupiter\junit-jupiter-api\5.8.0-M1\junit-jupiter-api-5.8.0-M1.jar;C:\Users\Urvin Shah\.m2\repository\org\apiguardian\apiguardian-api\1.1.1\apiguardian-api-1.1.1.jar;C:\Users\Urvin Shah\.m2\repository\org\opentest4j\opentest4j\1.2.0\opentest4j-1.2.0.jar;C:\Users\Urvin Shah\.m2\repository\org\junit\platform\junit-platform-commons\1.8.0-M1\junit-platform-commons-1.8.0-M1.jar;C:\Users\Urvin Shah\.m2\repository\org\junit\jupiter\junit-jupiter-params\5.8.0-M1\junit-jupiter-params-5.8.0-M1.jar;C:\Users\Urvin Shah\.m2\repository\org\junit\jupiter\junit-jupiter-engine\5.8.0-M1\junit-jupiter-engine-5.8.0-M1.jar;C:\Users\Urvin Shah\.m2\repository\org\junit\platform\junit-platform-engine\1.8.0-M1\junit-platform-engine-1.8.0-M1.jar;C:\Users\Urvin Shah\.m2\repository\org\jetbrains\kotlin\kotlin-stdlib-jdk8\1.4.20\kotlin-stdlib-jdk8-1.4.20.jar;C:\Users\Urvin Shah\.m2\repository\org\jetbrains\kotlin\kotlin-stdlib\1.4.20\kotlin-stdlib-1.4.20.jar;C:\Users\Urvin Shah\.m2\repository\org\jetbrains\kotlin\kotlin-stdlib-common\1.4.20\kotlin-stdlib-common-1.4.20.jar;C:\Users\Urvin Shah\.m2\repository\org\jetbrains\annotations\13.0\annotations-13.0.jar;C:\Users\Urvin Shah\.m2\repository\org\jetbrains\kotlin\kotlin-stdlib-jdk7\1.4.20\kotlin-stdlib-jdk7-1.4.20.jar;C:\Users\Urvin Shah\.m2\repository\com\github\stefanbirkner\system-lambda\1.0.0\system-lambda-1.0.0.jar;C:\Users\Urvin Shah\.m2\repository\org\mockito\mockito-inline\3.7.7\mockito-inline-3.7.7.jar;C:\Users\Urvin Shah\.m2\repository\org\mockito\mockito-core\3.7.7\mockito-core-3.7.7.jar;C:\Users\Urvin Shah\.m2\repository\net\bytebuddy\byte-buddy\1.10.19\byte-buddy-1.10.19.jar;C:\Users\Urvin Shah\.m2\repository\net\bytebuddy\byte-buddy-agent\1.10.19\byte-buddy-agent-1.10.19.jar;C:\Users\Urvin Shah\.m2\repository\org\objenesis\objenesis\3.1\objenesis-3.1.jar;C:\Users\Urvin Shah\.m2\repository\org\mockito\mockito-junit-jupiter\3.7.7\mockito-junit-jupiter-3.7.7.jar;"/>
    <property name="sun.cpu.endian" value="little"/>
    <property name="user.home" value="C:\Users\Urvin Shah"/>
    <property name="user.language" value="en"/>
    <property name="java.specification.vendor" value="Oracle Corporation"/>
    <property name="java.version.date" value="2021-01-19"/>
    <property name="java.home" value="C:\Program Files\Zulu\zulu-11"/>
    <property name="file.separator" value="\"/>
    <property name="basedir" value="E:\workspace\ConsolePaint\ConsolePaint"/>
    <property name="java.vm.compressedOopsMode" value="32-bit"/>
    <property name="line.separator" value="&#10;"/>
    <property name="java.specification.name" value="Java Platform API Specification"/>
    <property name="java.vm.specification.vendor" value="Oracle Corporation"/>
    <property name="jdk.vendor.version" value="Zulu11.45+27-CA"/>
    <property name="java.awt.graphicsenv" value="sun.awt.Win32GraphicsEnvironment"/>
    <property name="surefire.real.class.path" value="C:\Users\URVINS~1\AppData\Local\Temp\surefire6831355023343820097\surefirebooter14717313582391400358.jar"/>
    <property name="user.script" value=""/>
    <property name="sun.management.compiler" value="HotSpot 64-Bit Tiered Compilers"/>
    <property name="java.runtime.version" value="11.0.10+9-LTS"/>
    <property name="user.name" value="Urvin Shah"/>
    <property name="path.separator" value=";"/>
    <property name="os.version" value="10.0"/>
    <property name="java.runtime.name" value="OpenJDK Runtime Environment"/>
    <property name="file.encoding" value="Cp1252"/>
    <property name="java.vm.name" value="OpenJDK 64-Bit Server VM"/>
    <property name="java.vendor.version" value="Zulu11.45+27-CA"/>
    <property name="localRepository" value="C:\Users\Urvin Shah\.m2\repository"/>
    <property name="java.vendor.url.bug" value="http://www.azulsystems.com/support/"/>
    <property name="java.io.tmpdir" value="C:\Users\URVINS~1\AppData\Local\Temp\"/>
    <property name="idea.version" value="2020.2.2"/>
    <property name="java.version" value="11.0.10"/>
    <property name="user.dir" value="E:\workspace\ConsolePaint\ConsolePaint"/>
    <property name="os.arch" value="amd64"/>
    <property name="java.vm.specification.name" value="Java Virtual Machine Specification"/>
    <property name="java.awt.printerjob" value="sun.awt.windows.WPrinterJob"/>
    <property name="sun.os.patch.level" value=""/>
    <property name="java.library.path" value="C:\Program Files\Zulu\zulu-11\bin;C:\WINDOWS\Sun\Java\bin;C:\WINDOWS\system32;C:\WINDOWS;C:\Program Files (x86)\Microsoft SDKs\Azure\CLI2\wbin;C:\Program Files\Zulu\zulu-11\bin\;C:\Program Files (x86)\Common Files\Oracle\Java\javapath;C:\WINDOWS\system32;C:\WINDOWS;C:\WINDOWS\System32\Wbem;C:\WINDOWS\System32\WindowsPowerShell\v1.0\;E:\Software\apache-maven-3.5.3\bin;C:\WINDOWS\System32\OpenSSH\;C:\Program Files\Java\jdk1.8.0_171\bin;C:\Program Files (x86)\Brackets\command;C:\Program Files\Microsoft\Azure Functions Core Tools\;C:\Program Files\nodejs\;C:\Program Files\dotnet\;C:\Users\Urvin Shah\AppData\Local\Programs\Python\Python39\Scripts\;C:\Users\Urvin Shah\AppData\Local\Programs\Python\Python39\;C:\Users\Urvin Shah\AppData\Local\Microsoft\WindowsApps;C:\Users\Urvin Shah\AppData\Local\atom\bin;C:\Program Files\Java\jdk1.8.0_171\bin;C:\Users\Urvin Shah\AppData\Local\Microsoft\WindowsApps;C:\Program Files\JetBrains\IntelliJ IDEA Community Edition 2020.2.2\bin;;C:\Users\Urvin Shah\AppData\Local\Programs\Microsoft VS Code\bin;C:\Users\Urvin Shah\AppData\Roaming\npm;C:\Users\Urvin Shah\.dotnet\tools;C:\ProgramData\Urvin Shah\GitHubDesktop\bin;."/>
    <property name="java.vm.info" value="mixed mode"/>
    <property name="java.vendor" value="Azul Systems, Inc."/>
    <property name="java.vm.version" value="11.0.10+9-LTS"/>
    <property name="sun.io.unicode.encoding" value="UnicodeLittle"/>
    <property name="java.class.version" value="55.0"/>
  </properties>
  <testcase name="drawLineSuccess" classname="com.urvin.paint.receiver.PaintScreenTest" time="0"/>
  <testcase name="drawCanvasSuccess" classname="com.urvin.paint.receiver.PaintScreenTest" time="0"/>
  <testcase name="fillColor" classname="com.urvin.paint.receiver.PaintScreenTest" time="0"/>
  <testcase name="addLineSuccess" classname="com.urvin.paint.receiver.PaintScreenTest" time="0"/>
  <testcase name="fillColorOnRectangleTestSuccess" classname="com.urvin.paint.receiver.PaintScreenTest" time="0"/>
  <testcase name="drawScreen" classname="com.urvin.paint.receiver.PaintScreenTest" time="0"/>
  <testcase name="addRectangleSuccess" classname="com.urvin.paint.receiver.PaintScreenTest" time="0"/>
  <testcase name="fillColorOnLineTestSuccess" classname="com.urvin.paint.receiver.PaintScreenTest" time="0"/>
  <testcase name="drawRectangleInvalidParams" classname="com.urvin.paint.receiver.PaintScreenTest" time="0"/>
  <testcase name="drawRectangle" classname="com.urvin.paint.receiver.PaintScreenTest" time="0"/>
  <testcase name="drawLineInvalidParams" classname="com.urvin.paint.receiver.PaintScreenTest" time="0"/>
</testsuite>